[debug] [2022-05-20T09:35:53.373Z] ----------------------------------------------------------------------
[debug] [2022-05-20T09:35:53.374Z] Command:       C:\Program Files\nodejs\node.exe C:\Users\dhenn\AppData\Roaming\npm\node_modules\firebase-tools\lib\bin\firebase.js serve -p 8081
[debug] [2022-05-20T09:35:53.375Z] CLI Version:   11.0.0
[debug] [2022-05-20T09:35:53.375Z] Platform:      win32
[debug] [2022-05-20T09:35:53.375Z] Node Version:  v16.13.0
[debug] [2022-05-20T09:35:53.376Z] Time:          Fri May 20 2022 10:35:53 GMT+0100 (Irish Standard Time)
[debug] [2022-05-20T09:35:53.376Z] ----------------------------------------------------------------------
[debug] 
[debug] [2022-05-20T09:35:53.426Z] > command requires scopes: ["email","openid","https://www.googleapis.com/auth/cloudplatformprojects.readonly","https://www.googleapis.com/auth/firebase","https://www.googleapis.com/auth/cloud-platform"]
[debug] [2022-05-20T09:35:53.427Z] > authorizing via signed-in user (dhenniga@gmail.com)
[debug] [2022-05-20T09:35:53.427Z] [iam] checking project taskboard-4780f for permissions ["firebase.projects.get"]
[debug] [2022-05-20T09:35:53.429Z] >>> [apiv2][query] POST https://cloudresourcemanager.googleapis.com/v1/projects/taskboard-4780f:testIamPermissions [none]
[debug] [2022-05-20T09:35:53.429Z] >>> [apiv2][body] POST https://cloudresourcemanager.googleapis.com/v1/projects/taskboard-4780f:testIamPermissions {"permissions":["firebase.projects.get"]}
[debug] [2022-05-20T09:35:54.097Z] <<< [apiv2][status] POST https://cloudresourcemanager.googleapis.com/v1/projects/taskboard-4780f:testIamPermissions 200
[debug] [2022-05-20T09:35:54.098Z] <<< [apiv2][body] POST https://cloudresourcemanager.googleapis.com/v1/projects/taskboard-4780f:testIamPermissions {"permissions":["firebase.projects.get"]}
[debug] [2022-05-20T09:35:54.098Z] >>> [apiv2][query] GET https://firebase.googleapis.com/v1beta1/projects/taskboard-4780f [none]
[debug] [2022-05-20T09:35:54.348Z] <<< [apiv2][status] GET https://firebase.googleapis.com/v1beta1/projects/taskboard-4780f 200
[debug] [2022-05-20T09:35:54.348Z] <<< [apiv2][body] GET https://firebase.googleapis.com/v1beta1/projects/taskboard-4780f {"projectId":"taskboard-4780f","projectNumber":"319293178748","displayName":"taskboard","name":"projects/taskboard-4780f","resources":{"hostingSite":"taskboard-4780f"},"state":"ACTIVE"}
[info] 
[info] === Serving from 'C:\Users\dhenn\Documents\GitHub\react-todo'...
[info] 
[info] +  functions: Using node@16 from host. {"metadata":{"emulator":{"name":"functions"},"message":"Using node@16 from host."}}
[debug] [2022-05-20T09:35:54.365Z] defaultcredentials: writing to file C:\Users\dhenn\AppData\Roaming\firebase\dhenniga_gmail_com_application_default_credentials.json
[debug] [2022-05-20T09:35:54.366Z] Setting GAC to C:\Users\dhenn\AppData\Roaming\firebase\dhenniga_gmail_com_application_default_credentials.json {"metadata":{"emulator":{"name":"functions"},"message":"Setting GAC to C:\\Users\\dhenn\\AppData\\Roaming\\firebase\\dhenniga_gmail_com_application_default_credentials.json"}}
[debug] [2022-05-20T09:35:54.366Z] >>> [apiv2][query] GET https://firebase.googleapis.com/v1beta1/projects/taskboard-4780f/adminSdkConfig [none]
[debug] [2022-05-20T09:35:54.657Z] <<< [apiv2][status] GET https://firebase.googleapis.com/v1beta1/projects/taskboard-4780f/adminSdkConfig 200
[debug] [2022-05-20T09:35:54.657Z] <<< [apiv2][body] GET https://firebase.googleapis.com/v1beta1/projects/taskboard-4780f/adminSdkConfig {"projectId":"taskboard-4780f","storageBucket":"taskboard-4780f.appspot.com"}
[info] i  functions: Watching "C:\Users\dhenn\Documents\GitHub\react-todo\functions" for Cloud Functions... {"metadata":{"emulator":{"name":"functions"},"message":"Watching \"C:\\Users\\dhenn\\Documents\\GitHub\\react-todo\\functions\" for Cloud Functions..."}}
[debug] [2022-05-20T09:35:54.669Z] Validating nodejs source
[debug] [2022-05-20T09:35:56.471Z] > [functions] package.json contents: {
  "name": "functions",
  "description": "Cloud Functions for Firebase",
  "scripts": {
    "lint": "eslint .",
    "serve": "firebase emulators:start --only functions",
    "shell": "firebase functions:shell",
    "start": "npm run shell",
    "deploy": "firebase deploy --only functions",
    "logs": "firebase functions:log"
  },
  "engines": {
    "node": "16"
  },
  "main": "index.js",
  "dependencies": {
    "firebase-admin": "^10.0.2",
    "firebase-functions": "^3.18.0"
  },
  "devDependencies": {
    "eslint": "^8.9.0",
    "eslint-config-google": "^0.14.0",
    "firebase-functions-test": "^0.2.0"
  },
  "private": true
}
[debug] [2022-05-20T09:35:56.472Z] Building nodejs source
[debug] [2022-05-20T09:35:56.472Z] Analyzing nodejs backend spec
[debug] [2022-05-20T09:35:56.473Z] Could not find functions.yaml. Must use http discovery
[debug] [2022-05-20T09:35:56.661Z] Serving at port 9005

[debug] [2022-05-20T09:35:56.715Z] Got response from /__/functions.yaml {"endpoints":{},"specVersion":"v1alpha1","requiredAPIs":[]}
[debug] [2022-05-20T09:35:56.719Z] shutdown requested via /__/quitquitquit

[debug] [2022-05-20T09:36:26.031Z] Functions emulator received unknown request at path /
[debug] [2022-05-20T09:36:26.099Z] Functions emulator received unknown request at path /favicon.ico
[debug] [2022-05-20T09:36:53.692Z] Functions emulator received unknown request at path /
[debug] [2022-05-20T09:36:54.460Z] Functions emulator received unknown request at path /
[debug] [2022-05-20T09:36:54.669Z] Functions emulator received unknown request at path /
[debug] [2022-05-20T09:53:40.728Z] Functions emulator received unknown request at path /
[debug] [2022-05-20T10:08:15.622Z] Functions emulator received unknown request at path /
[debug] [2022-05-20T10:26:32.277Z] Functions emulator received unknown request at path /
[debug] [2022-05-20T10:26:32.302Z] Functions emulator received unknown request at path /favicon.ico
